Copyright 1986-2018 Xilinx, Inc. All Rights Reserved.
---------------------------------------------------------------------------------------------
| Tool Version : Vivado v.2018.3 (win64) Build 2405991 Thu Dec  6 23:38:27 MST 2018
| Date         : Wed Nov 20 01:49:46 2019
| Host         : DESKTOP-HIPCT8O running 64-bit major release  (build 9200)
| Command      : report_control_sets -verbose -file Uart_Exp_wrapper_control_sets_placed.rpt
| Design       : Uart_Exp_wrapper
| Device       : xc7z010
---------------------------------------------------------------------------------------------

Control Set Information

Table of Contents
-----------------
1. Summary
2. Histogram
3. Flip-Flop Distribution
4. Detailed Control Set Information

1. Summary
----------

+----------------------------------------------------------+-------+
|                          Status                          | Count |
+----------------------------------------------------------+-------+
| Number of unique control sets                            |    50 |
| Unused register locations in slices containing registers |   146 |
+----------------------------------------------------------+-------+


2. Histogram
------------

+--------+--------------+
| Fanout | Control Sets |
+--------+--------------+
|      1 |            1 |
|      2 |            1 |
|      4 |            9 |
|      5 |            4 |
|      6 |            3 |
|      7 |            1 |
|      8 |            4 |
|      9 |            1 |
|     10 |            1 |
|     11 |            2 |
|     12 |            4 |
|     13 |            1 |
|     14 |            2 |
|    16+ |           16 |
+--------+--------------+


3. Flip-Flop Distribution
-------------------------

+--------------+-----------------------+------------------------+-----------------+--------------+
| Clock Enable | Synchronous Set/Reset | Asynchronous Set/Reset | Total Registers | Total Slices |
+--------------+-----------------------+------------------------+-----------------+--------------+
| No           | No                    | No                     |             169 |           52 |
| No           | No                    | Yes                    |               0 |            0 |
| No           | Yes                   | No                     |             114 |           44 |
| Yes          | No                    | No                     |             445 |          102 |
| Yes          | No                    | Yes                    |               0 |            0 |
| Yes          | Yes                   | No                     |             118 |           35 |
+--------------+-----------------------+------------------------+-----------------+--------------+


4. Detailed Control Set Information
-----------------------------------

+-------------------------------------------------+----------------------------------------------------------------------------------------------------------------------------------------------------------------+-------------------------------------------------------------------------------------------------------------------------------------------------------+------------------+----------------+
|                   Clock Signal                  |                                                                          Enable Signal                                                                         |                                                                    Set/Reset Signal                                                                   | Slice Load Count | Bel Load Count |
+-------------------------------------------------+----------------------------------------------------------------------------------------------------------------------------------------------------------------+-------------------------------------------------------------------------------------------------------------------------------------------------------+------------------+----------------+
|  Uart_Exp_i/processing_system7_0/inst/FCLK_CLK0 | Uart_Exp_i/ps7_0_axi_periph/s00_couplers/auto_pc/inst/gen_axilite.gen_b2s_conv.axilite_b2s/WR.aw_channel_0/aw_cmd_fsm_0/m_axi_awready_1                        | Uart_Exp_i/ps7_0_axi_periph/s00_couplers/auto_pc/inst/gen_axilite.gen_b2s_conv.axilite_b2s/WR.aw_channel_0/aw_cmd_fsm_0/m_axi_awready_0               |                1 |              1 |
|  Uart_Exp_i/processing_system7_0/inst/FCLK_CLK0 | Uart_Exp_i/ps7_0_axi_periph/s00_couplers/auto_pc/inst/gen_axilite.gen_b2s_conv.axilite_b2s/WR.b_channel_0/bid_fifo_0/sel                                       |                                                                                                                                                       |                1 |              2 |
|  Uart_Exp_i/processing_system7_0/inst/FCLK_CLK0 |                                                                                                                                                                | Uart_Exp_i/axi_gpio_0/U0/AXI_LITE_IPIF_I/I_SLAVE_ATTACHMENT/clear                                                                                     |                1 |              4 |
|  Uart_Exp_i/processing_system7_0/inst/FCLK_CLK0 |                                                                                                                                                                | Uart_Exp_i/axi_gpio_0/U0/gpio_core_1/Read_Reg_Rst__0                                                                                                  |                1 |              4 |
|  Uart_Exp_i/processing_system7_0/inst/FCLK_CLK0 |                                                                                                                                                                | Uart_Exp_i/rst_ps7_0_100M/U0/EXT_LPF/lpf_int                                                                                                          |                1 |              4 |
|  Uart_Exp_i/processing_system7_0/inst/FCLK_CLK0 |                                                                                                                                                                | Uart_Exp_i/ps7_0_axi_periph/s00_couplers/auto_pc/inst/gen_axilite.gen_b2s_conv.axilite_b2s/SI_REG/aw.aw_pipe/aresetn_d_reg[0]_0                       |                3 |              4 |
|  Uart_Exp_i/processing_system7_0/inst/FCLK_CLK0 |                                                                                                                                                                | Uart_Exp_i/ps7_0_axi_periph/s00_couplers/auto_pc/inst/gen_axilite.gen_b2s_conv.axilite_b2s/SI_REG/ar.ar_pipe/aresetn_d_reg[1]_inv_0                   |                3 |              4 |
|  Uart_Exp_i/processing_system7_0/inst/FCLK_CLK0 | Uart_Exp_i/axi_gpio_0/U0/AXI_LITE_IPIF_I/I_SLAVE_ATTACHMENT/bus2ip_addr_i[8]_i_1_n_0                                                                           | Uart_Exp_i/axi_gpio_0/U0/AXI_LITE_IPIF_I/I_SLAVE_ATTACHMENT/SR[0]                                                                                     |                2 |              4 |
|  Uart_Exp_i/processing_system7_0/inst/FCLK_CLK0 | Uart_Exp_i/axi_gpio_0/U0/AXI_LITE_IPIF_I/I_SLAVE_ATTACHMENT/start2                                                                                             | Uart_Exp_i/axi_gpio_0/U0/AXI_LITE_IPIF_I/I_SLAVE_ATTACHMENT/I_DECODER/cs_ce_clr                                                                       |                1 |              4 |
|  Uart_Exp_i/processing_system7_0/inst/FCLK_CLK0 | Uart_Exp_i/axi_uartlite_0/U0/AXI_LITE_IPIF_I/I_SLAVE_ATTACHMENT/start2                                                                                         | Uart_Exp_i/axi_uartlite_0/U0/AXI_LITE_IPIF_I/I_SLAVE_ATTACHMENT/I_DECODER/cs_ce_clr                                                                   |                1 |              4 |
|  Uart_Exp_i/processing_system7_0/inst/FCLK_CLK0 | Uart_Exp_i/axi_uartlite_0/U0/UARTLITE_CORE_I/BAUD_RATE_I/p_2_out[0]                                                                                            |                                                                                                                                                       |                1 |              4 |
|  Uart_Exp_i/processing_system7_0/inst/FCLK_CLK0 | Uart_Exp_i/ps7_0_axi_periph/s00_couplers/auto_pc/inst/gen_axilite.gen_b2s_conv.axilite_b2s/RD.ar_channel_0/ar_cmd_fsm_0/m_valid_i_reg                          | Uart_Exp_i/ps7_0_axi_periph/s00_couplers/auto_pc/inst/gen_axilite.gen_b2s_conv.axilite_b2s/RD.ar_channel_0/ar_cmd_fsm_0/FSM_sequential_state_reg[0]_0 |                2 |              5 |
|  Uart_Exp_i/processing_system7_0/inst/FCLK_CLK0 | Uart_Exp_i/axi_gpio_0/U0/AXI_LITE_IPIF_I/I_SLAVE_ATTACHMENT/s_axi_rresp_i                                                                                      | Uart_Exp_i/axi_gpio_0/U0/AXI_LITE_IPIF_I/I_SLAVE_ATTACHMENT/SR[0]                                                                                     |                1 |              5 |
|  Uart_Exp_i/processing_system7_0/inst/FCLK_CLK0 | Uart_Exp_i/ps7_0_axi_periph/s00_couplers/auto_pc/inst/gen_axilite.gen_b2s_conv.axilite_b2s/RD.r_channel_0/rd_data_fifo_0/E[0]                                  | Uart_Exp_i/ps7_0_axi_periph/s00_couplers/auto_pc/inst/gen_axilite.gen_b2s_conv.axilite_b2s/areset_d1                                                  |                1 |              5 |
|  Uart_Exp_i/processing_system7_0/inst/FCLK_CLK0 | Uart_Exp_i/ps7_0_axi_periph/s00_couplers/auto_pc/inst/gen_axilite.gen_b2s_conv.axilite_b2s/RD.r_channel_0/rd_data_fifo_0/cnt_read[4]_i_1_n_0                   | Uart_Exp_i/ps7_0_axi_periph/s00_couplers/auto_pc/inst/gen_axilite.gen_b2s_conv.axilite_b2s/areset_d1                                                  |                2 |              5 |
|  Uart_Exp_i/processing_system7_0/inst/FCLK_CLK0 |                                                                                                                                                                | Uart_Exp_i/axi_uartlite_0/U0/UARTLITE_CORE_I/UARTLITE_TX_I/SRL_FIFO_I/I_SRL_FIFO_RBU_F/CNTR_INCR_DECR_ADDN_F_I/SS[0]                                  |                2 |              6 |
|  Uart_Exp_i/processing_system7_0/inst/FCLK_CLK0 |                                                                                                                                                                | Uart_Exp_i/axi_uartlite_0/U0/UARTLITE_CORE_I/UARTLITE_RX_I/SRL_FIFO_I/I_SRL_FIFO_RBU_F/CNTR_INCR_DECR_ADDN_F_I/SS[0]                                  |                2 |              6 |
|  Uart_Exp_i/processing_system7_0/inst/FCLK_CLK0 | Uart_Exp_i/rst_ps7_0_100M/U0/SEQ/seq_cnt_en                                                                                                                    | Uart_Exp_i/rst_ps7_0_100M/U0/SEQ/SEQ_COUNTER/clear                                                                                                    |                1 |              6 |
|  Uart_Exp_i/processing_system7_0/inst/FCLK_CLK0 | Uart_Exp_i/axi_uartlite_0/U0/UARTLITE_CORE_I/BAUD_RATE_I/p_2_out[0]                                                                                            | Uart_Exp_i/axi_uartlite_0/U0/UARTLITE_CORE_I/UARTLITE_RX_I/SERIAL_TO_PARALLEL[8].fifo_din[8]_i_1_n_0                                                  |                2 |              7 |
|  Uart_Exp_i/processing_system7_0/inst/FCLK_CLK0 | Uart_Exp_i/ps7_0_axi_periph/s00_couplers/auto_pc/inst/gen_axilite.gen_b2s_conv.axilite_b2s/WR.b_channel_0/mhandshake_r                                         | Uart_Exp_i/ps7_0_axi_periph/s00_couplers/auto_pc/inst/gen_axilite.gen_b2s_conv.axilite_b2s/WR.b_channel_0/bid_fifo_0/SR[0]                            |                2 |              8 |
|  Uart_Exp_i/processing_system7_0/inst/FCLK_CLK0 | Uart_Exp_i/axi_uartlite_0/U0/UARTLITE_CORE_I/UARTLITE_RX_I/SRL_FIFO_I/I_SRL_FIFO_RBU_F/DYNSHREG_F_I/fifo_wr                                                    |                                                                                                                                                       |                1 |              8 |
|  Uart_Exp_i/processing_system7_0/inst/FCLK_CLK0 | Uart_Exp_i/axi_gpio_0/U0/AXI_LITE_IPIF_I/I_SLAVE_ATTACHMENT/I_DECODER/E[0]                                                                                     | Uart_Exp_i/axi_gpio_0/U0/AXI_LITE_IPIF_I/I_SLAVE_ATTACHMENT/SR[0]                                                                                     |                2 |              8 |
|  Uart_Exp_i/processing_system7_0/inst/FCLK_CLK0 | Uart_Exp_i/axi_uartlite_0/U0/AXI_LITE_IPIF_I/I_SLAVE_ATTACHMENT/I_DECODER/fifo_wr                                                                              |                                                                                                                                                       |                1 |              8 |
|  Uart_Exp_i/processing_system7_0/inst/FCLK_CLK0 | Uart_Exp_i/axi_uartlite_0/U0/AXI_LITE_IPIF_I/I_SLAVE_ATTACHMENT/s_axi_rresp_i                                                                                  | Uart_Exp_i/axi_uartlite_0/U0/AXI_LITE_IPIF_I/I_SLAVE_ATTACHMENT/rst                                                                                   |                3 |              9 |
|  Uart_Exp_i/processing_system7_0/inst/FCLK_CLK0 |                                                                                                                                                                | Uart_Exp_i/ps7_0_axi_periph/s00_couplers/auto_pc/inst/gen_axilite.gen_b2s_conv.axilite_b2s/areset_d1                                                  |                5 |             10 |
|  Uart_Exp_i/processing_system7_0/inst/FCLK_CLK0 |                                                                                                                                                                | Uart_Exp_i/axi_uartlite_0/U0/AXI_LITE_IPIF_I/I_SLAVE_ATTACHMENT/rst                                                                                   |                4 |             11 |
|  Uart_Exp_i/processing_system7_0/inst/FCLK_CLK0 |                                                                                                                                                                | Uart_Exp_i/ps7_0_axi_periph/xbar/inst/gen_sasd.crossbar_sasd_0/addr_arbiter_inst/SR[0]                                                                |                5 |             11 |
|  Uart_Exp_i/processing_system7_0/inst/FCLK_CLK0 | Uart_Exp_i/ps7_0_axi_periph/s00_couplers/auto_pc/inst/gen_axilite.gen_b2s_conv.axilite_b2s/WR.aw_channel_0/aw_cmd_fsm_0/E[0]                                   |                                                                                                                                                       |                6 |             12 |
|  Uart_Exp_i/processing_system7_0/inst/FCLK_CLK0 | Uart_Exp_i/ps7_0_axi_periph/s00_couplers/auto_pc/inst/gen_axilite.gen_b2s_conv.axilite_b2s/WR.aw_channel_0/cmd_translator_0/incr_cmd_0/axaddr_incr[11]_i_1_n_0 |                                                                                                                                                       |                2 |             12 |
|  Uart_Exp_i/processing_system7_0/inst/FCLK_CLK0 | Uart_Exp_i/ps7_0_axi_periph/s00_couplers/auto_pc/inst/gen_axilite.gen_b2s_conv.axilite_b2s/RD.ar_channel_0/ar_cmd_fsm_0/E[0]                                   |                                                                                                                                                       |                4 |             12 |
|  Uart_Exp_i/processing_system7_0/inst/FCLK_CLK0 | Uart_Exp_i/ps7_0_axi_periph/s00_couplers/auto_pc/inst/gen_axilite.gen_b2s_conv.axilite_b2s/RD.ar_channel_0/ar_cmd_fsm_0/sel_first_reg[0]                       |                                                                                                                                                       |                2 |             12 |
|  Uart_Exp_i/processing_system7_0/inst/FCLK_CLK0 | Uart_Exp_i/ps7_0_axi_periph/s00_couplers/auto_pc/inst/gen_axilite.gen_b2s_conv.axilite_b2s/RD.r_channel_0/r_push_r                                             |                                                                                                                                                       |                4 |             13 |
|  Uart_Exp_i/processing_system7_0/inst/FCLK_CLK0 | Uart_Exp_i/ps7_0_axi_periph/s00_couplers/auto_pc/inst/gen_axilite.gen_b2s_conv.axilite_b2s/SI_REG/b.b_pipe/s_ready_i_reg_0                                     |                                                                                                                                                       |                3 |             14 |
|  Uart_Exp_i/processing_system7_0/inst/FCLK_CLK0 | Uart_Exp_i/ps7_0_axi_periph/s00_couplers/auto_pc/inst/gen_axilite.gen_b2s_conv.axilite_b2s/SI_REG/b.b_pipe/p_1_in                                              |                                                                                                                                                       |                3 |             14 |
|  Uart_Exp_i/processing_system7_0/inst/FCLK_CLK0 | Uart_Exp_i/ps7_0_axi_periph/s00_couplers/auto_pc/inst/gen_axilite.gen_b2s_conv.axilite_b2s/WR.aw_channel_0/aw_cmd_fsm_0/b_push                                 |                                                                                                                                                       |                3 |             16 |
|  Uart_Exp_i/processing_system7_0/inst/FCLK_CLK0 | Uart_Exp_i/ps7_0_axi_periph/xbar/inst/gen_sasd.crossbar_sasd_0/addr_arbiter_inst/p_0_in1_in                                                                    | Uart_Exp_i/ps7_0_axi_periph/xbar/inst/gen_sasd.crossbar_sasd_0/addr_arbiter_inst/SR[0]                                                                |                8 |             19 |
|  Uart_Exp_i/processing_system7_0/inst/FCLK_CLK0 |                                                                                                                                                                | Uart_Exp_i/axi_gpio_0/U0/AXI_LITE_IPIF_I/I_SLAVE_ATTACHMENT/SR[0]                                                                                     |                7 |             20 |
|  Uart_Exp_i/processing_system7_0/inst/FCLK_CLK0 | Uart_Exp_i/ps7_0_axi_periph/s00_couplers/auto_pc/inst/gen_axilite.gen_b2s_conv.axilite_b2s/RD.ar_channel_0/ar_cmd_fsm_0/m_valid_i_reg                          |                                                                                                                                                       |                8 |             21 |
|  Uart_Exp_i/processing_system7_0/inst/FCLK_CLK0 | Uart_Exp_i/ps7_0_axi_periph/s00_couplers/auto_pc/inst/gen_axilite.gen_b2s_conv.axilite_b2s/WR.aw_channel_0/aw_cmd_fsm_0/m_axi_awready_1                        |                                                                                                                                                       |                8 |             25 |
|  Uart_Exp_i/processing_system7_0/inst/FCLK_CLK0 | Uart_Exp_i/axi_uartlite_0/U0/UARTLITE_CORE_I/BAUD_RATE_I/p_2_out[0]                                                                                            | Uart_Exp_i/axi_uartlite_0/U0/UARTLITE_CORE_I/UARTLITE_RX_I/s_axi_aresetn_0                                                                            |                6 |             28 |
|  Uart_Exp_i/processing_system7_0/inst/FCLK_CLK0 |                                                                                                                                                                | Uart_Exp_i/axi_uartlite_0/U0/UARTLITE_CORE_I/UARTLITE_RX_I/s_axi_aresetn_0                                                                            |               10 |             30 |
|  Uart_Exp_i/processing_system7_0/inst/FCLK_CLK0 | Uart_Exp_i/ps7_0_axi_periph/s00_couplers/auto_pc/inst/gen_axilite.gen_b2s_conv.axilite_b2s/RD.r_channel_0/rd_data_fifo_0/wr_en0                                |                                                                                                                                                       |                9 |             34 |
|  Uart_Exp_i/processing_system7_0/inst/FCLK_CLK0 | Uart_Exp_i/ps7_0_axi_periph/xbar/inst/gen_sasd.crossbar_sasd_0/addr_arbiter_inst/E[0]                                                                          |                                                                                                                                                       |                8 |             35 |
|  Uart_Exp_i/processing_system7_0/inst/FCLK_CLK0 | Uart_Exp_i/ps7_0_axi_periph/s00_couplers/auto_pc/inst/gen_axilite.gen_b2s_conv.axilite_b2s/SI_REG/r.r_pipe/p_1_in                                              |                                                                                                                                                       |                8 |             47 |
|  Uart_Exp_i/processing_system7_0/inst/FCLK_CLK0 | Uart_Exp_i/ps7_0_axi_periph/s00_couplers/auto_pc/inst/gen_axilite.gen_b2s_conv.axilite_b2s/SI_REG/r.r_pipe/s_ready_i_reg_0                                     |                                                                                                                                                       |               10 |             47 |
|  Uart_Exp_i/processing_system7_0/inst/FCLK_CLK0 | Uart_Exp_i/ps7_0_axi_periph/s00_couplers/auto_pc/inst/gen_axilite.gen_b2s_conv.axilite_b2s/RD.ar_channel_0/ar_cmd_fsm_0/FSM_sequential_state_reg[1]_0[0]       |                                                                                                                                                       |                9 |             48 |
|  Uart_Exp_i/processing_system7_0/inst/FCLK_CLK0 | Uart_Exp_i/ps7_0_axi_periph/s00_couplers/auto_pc/inst/gen_axilite.gen_b2s_conv.axilite_b2s/WR.aw_channel_0/aw_cmd_fsm_0/m_valid_i_reg[0]                       |                                                                                                                                                       |                9 |             48 |
|  Uart_Exp_i/processing_system7_0/inst/FCLK_CLK0 | Uart_Exp_i/ps7_0_axi_periph/s00_couplers/auto_pc/inst/gen_axilite.gen_b2s_conv.axilite_b2s/SI_REG/ar.ar_pipe/s_ready_i_reg_0                                   |                                                                                                                                                       |               10 |             48 |
|  Uart_Exp_i/processing_system7_0/inst/FCLK_CLK0 | Uart_Exp_i/ps7_0_axi_periph/s00_couplers/auto_pc/inst/gen_axilite.gen_b2s_conv.axilite_b2s/SI_REG/aw.aw_pipe/s_ready_i_reg_0                                   |                                                                                                                                                       |               11 |             48 |
|  Uart_Exp_i/processing_system7_0/inst/FCLK_CLK0 |                                                                                                                                                                |                                                                                                                                                       |               53 |            170 |
+-------------------------------------------------+----------------------------------------------------------------------------------------------------------------------------------------------------------------+-------------------------------------------------------------------------------------------------------------------------------------------------------+------------------+----------------+


